[debug] [2020-06-04T17:58:09.031Z] ----------------------------------------------------------------------
[debug] [2020-06-04T17:58:09.034Z] Command:       C:\Program Files\nodejs\node.exe C:\Users\pratyaksh\AppData\Local\Yarn\Data\global\node_modules\firebase-tools\lib\bin\firebase.js deploy --only functions
[debug] [2020-06-04T17:58:09.034Z] CLI Version:   8.2.0
[debug] [2020-06-04T17:58:09.034Z] Platform:      win32
[debug] [2020-06-04T17:58:09.034Z] Node Version:  v12.9.1
[debug] [2020-06-04T17:58:09.035Z] Time:          Thu Jun 04 2020 23:28:09 GMT+0530 (India Standard Time)
[debug] [2020-06-04T17:58:09.035Z] ----------------------------------------------------------------------
[debug] [2020-06-04T17:58:09.035Z] 
[debug] [2020-06-04T17:58:09.043Z] > command requires scopes: ["email","openid","https://www.googleapis.com/auth/cloudplatformprojects.readonly","https://www.googleapis.com/auth/firebase","https://www.googleapis.com/auth/cloud-platform"]
[debug] [2020-06-04T17:58:09.045Z] > authorizing via signed-in user
[debug] [2020-06-04T17:58:09.045Z] [iam] checking project covid-tracker-7c252 for permissions ["cloudfunctions.functions.create","cloudfunctions.functions.delete","cloudfunctions.functions.get","cloudfunctions.functions.list","cloudfunctions.functions.update","cloudfunctions.operations.get","firebase.projects.get"]
[debug] [2020-06-04T17:58:09.048Z] >>> HTTP REQUEST POST https://cloudresourcemanager.googleapis.com/v1/projects/covid-tracker-7c252:testIamPermissions  
 {"permissions":["cloudfunctions.functions.create","cloudfunctions.functions.delete","cloudfunctions.functions.get","cloudfunctions.functions.list","cloudfunctions.functions.update","cloudfunctions.operations.get","firebase.projects.get"]}
[debug] [2020-06-04T17:58:10.801Z] <<< HTTP RESPONSE 200 {"content-type":"application/json; charset=UTF-8","vary":"X-Origin, Referer, Origin,Accept-Encoding","date":"Thu, 04 Jun 2020 17:58:06 GMT","server":"ESF","cache-control":"private","x-xss-protection":"0","x-frame-options":"SAMEORIGIN","x-content-type-options":"nosniff","server-timing":"gfet4t7; dur=1376","alt-svc":"h3-27=\":443\"; ma=2592000,h3-25=\":443\"; ma=2592000,h3-T050=\":443\"; ma=2592000,h3-Q050=\":443\"; ma=2592000,h3-Q049=\":443\"; ma=2592000,h3-Q048=\":443\"; ma=2592000,h3-Q046=\":443\"; ma=2592000,h3-Q043=\":443\"; ma=2592000,quic=\":443\"; ma=2592000; v=\"46,43\"","accept-ranges":"none","transfer-encoding":"chunked"}
[debug] [2020-06-04T17:58:10.804Z] >>> HTTP REQUEST POST https://iam.googleapis.com/v1/projects/covid-tracker-7c252/serviceAccounts/covid-tracker-7c252@appspot.gserviceaccount.com:testIamPermissions  
 {"permissions":["iam.serviceAccounts.actAs"]}
[debug] [2020-06-04T17:58:12.914Z] <<< HTTP RESPONSE 200 {"content-type":"application/json; charset=UTF-8","vary":"X-Origin, Referer, Origin,Accept-Encoding","date":"Thu, 04 Jun 2020 17:58:08 GMT","server":"ESF","cache-control":"private","x-xss-protection":"0","x-frame-options":"SAMEORIGIN","x-content-type-options":"nosniff","alt-svc":"h3-27=\":443\"; ma=2592000,h3-25=\":443\"; ma=2592000,h3-T050=\":443\"; ma=2592000,h3-Q050=\":443\"; ma=2592000,h3-Q049=\":443\"; ma=2592000,h3-Q048=\":443\"; ma=2592000,h3-Q046=\":443\"; ma=2592000,h3-Q043=\":443\"; ma=2592000,quic=\":443\"; ma=2592000; v=\"46,43\"","accept-ranges":"none","transfer-encoding":"chunked"}
[info] 
[info] === Deploying to 'covid-tracker-7c252'...
[info] 
[info] i  deploying functions
[debug] [2020-06-04T17:58:16.608Z] > [functions] package.json contents: {
  "name": "functions",
  "description": "Cloud Functions for Firebase",
  "scripts": {
    "serve": "firebase emulators:start --only functions",
    "shell": "firebase functions:shell",
    "start": "npm run shell",
    "deploy": "firebase deploy --only functions",
    "logs": "firebase functions:log"
  },
  "engines": {
    "node": "8"
  },
  "dependencies": {
    "expo-server-sdk": "^3.5.0",
    "firebase-admin": "^8.10.0",
    "firebase-functions": "^3.6.1"
  },
  "devDependencies": {
    "firebase-functions-test": "^0.2.0"
  },
  "private": true
}
[info] i  functions: ensuring required API cloudfunctions.googleapis.com is enabled...
[debug] [2020-06-04T17:58:21.225Z] [functions] runtime dependency check dates: warning: 2020-05-21T00:00:00.000Z error: 2020-06-23T00:00:00.000Z
[debug] [2020-06-04T17:58:21.226Z] >>> HTTP REQUEST GET https://serviceusage.googleapis.com/v1/projects/covid-tracker-7c252/services/cloudfunctions.googleapis.com  
 
[debug] [2020-06-04T17:58:21.232Z] >>> HTTP REQUEST GET https://serviceusage.googleapis.com/v1/projects/covid-tracker-7c252/services/runtimeconfig.googleapis.com  
 
[debug] [2020-06-04T17:58:23.499Z] <<< HTTP RESPONSE 200 {"content-type":"application/json; charset=UTF-8","vary":"X-Origin, Referer, Origin,Accept-Encoding","date":"Thu, 04 Jun 2020 17:58:18 GMT","server":"ESF","cache-control":"private","x-xss-protection":"0","x-frame-options":"SAMEORIGIN","x-content-type-options":"nosniff","alt-svc":"h3-27=\":443\"; ma=2592000,h3-25=\":443\"; ma=2592000,h3-T050=\":443\"; ma=2592000,h3-Q050=\":443\"; ma=2592000,h3-Q049=\":443\"; ma=2592000,h3-Q048=\":443\"; ma=2592000,h3-Q046=\":443\"; ma=2592000,h3-Q043=\":443\"; ma=2592000,quic=\":443\"; ma=2592000; v=\"46,43\"","accept-ranges":"none","transfer-encoding":"chunked"}
[debug] [2020-06-04T17:58:23.739Z] <<< HTTP RESPONSE 200 {"content-type":"application/json; charset=UTF-8","vary":"X-Origin, Referer, Origin,Accept-Encoding","date":"Thu, 04 Jun 2020 17:58:18 GMT","server":"ESF","cache-control":"private","x-xss-protection":"0","x-frame-options":"SAMEORIGIN","x-content-type-options":"nosniff","alt-svc":"h3-27=\":443\"; ma=2592000,h3-25=\":443\"; ma=2592000,h3-T050=\":443\"; ma=2592000,h3-Q050=\":443\"; ma=2592000,h3-Q049=\":443\"; ma=2592000,h3-Q048=\":443\"; ma=2592000,h3-Q046=\":443\"; ma=2592000,h3-Q043=\":443\"; ma=2592000,quic=\":443\"; ma=2592000; v=\"46,43\"","accept-ranges":"none","transfer-encoding":"chunked"}
[info] +  functions: required API cloudfunctions.googleapis.com is enabled
[debug] [2020-06-04T17:58:23.748Z] >>> HTTP REQUEST GET https://firebase.googleapis.com/v1beta1/projects/covid-tracker-7c252/adminSdkConfig  
 
[debug] [2020-06-04T17:58:24.622Z] <<< HTTP RESPONSE 200 {"content-type":"application/json; charset=UTF-8","vary":"X-Origin, Referer, Origin,Accept-Encoding","date":"Thu, 04 Jun 2020 17:58:20 GMT","server":"ESF","cache-control":"private","x-xss-protection":"0","x-frame-options":"SAMEORIGIN","x-content-type-options":"nosniff","alt-svc":"h3-27=\":443\"; ma=2592000,h3-25=\":443\"; ma=2592000,h3-T050=\":443\"; ma=2592000,h3-Q050=\":443\"; ma=2592000,h3-Q049=\":443\"; ma=2592000,h3-Q048=\":443\"; ma=2592000,h3-Q046=\":443\"; ma=2592000,h3-Q043=\":443\"; ma=2592000,quic=\":443\"; ma=2592000; v=\"46,43\"","accept-ranges":"none","transfer-encoding":"chunked"}
[info] i  functions: preparing functions directory for uploading...
[debug] [2020-06-04T17:58:24.631Z] >>> HTTP REQUEST GET https://runtimeconfig.googleapis.com/v1beta1/projects/covid-tracker-7c252/configs  
 
[debug] [2020-06-04T17:58:26.998Z] <<< HTTP RESPONSE 200 {"content-type":"application/json; charset=UTF-8","vary":"X-Origin, Referer, Origin,Accept-Encoding","date":"Thu, 04 Jun 2020 17:58:22 GMT","server":"ESF","cache-control":"private","x-xss-protection":"0","x-frame-options":"SAMEORIGIN","x-content-type-options":"nosniff","alt-svc":"h3-27=\":443\"; ma=2592000,h3-25=\":443\"; ma=2592000,h3-T050=\":443\"; ma=2592000,h3-Q050=\":443\"; ma=2592000,h3-Q049=\":443\"; ma=2592000,h3-Q048=\":443\"; ma=2592000,h3-Q046=\":443\"; ma=2592000,h3-Q043=\":443\"; ma=2592000,quic=\":443\"; ma=2592000; v=\"46,43\"","accept-ranges":"none","transfer-encoding":"chunked"}
[info] i  functions: packaged functions (28.15 KB) for uploading
[debug] [2020-06-04T17:58:27.242Z] >>> HTTP REQUEST GET https://cloudfunctions.googleapis.com/v1/projects/covid-tracker-7c252/locations/-/functions  
 
[debug] [2020-06-04T17:58:28.717Z] <<< HTTP RESPONSE 200 {"content-type":"application/json; charset=UTF-8","vary":"X-Origin, Referer, Origin,Accept-Encoding","date":"Thu, 04 Jun 2020 17:58:24 GMT","server":"ESF","cache-control":"private","x-xss-protection":"0","x-frame-options":"SAMEORIGIN","x-content-type-options":"nosniff","alt-svc":"h3-27=\":443\"; ma=2592000,h3-25=\":443\"; ma=2592000,h3-T050=\":443\"; ma=2592000,h3-Q050=\":443\"; ma=2592000,h3-Q049=\":443\"; ma=2592000,h3-Q048=\":443\"; ma=2592000,h3-Q046=\":443\"; ma=2592000,h3-Q043=\":443\"; ma=2592000,quic=\":443\"; ma=2592000; v=\"46,43\"","accept-ranges":"none","transfer-encoding":"chunked"}
[debug] [2020-06-04T17:58:28.723Z] >>> HTTP REQUEST POST https://cloudfunctions.googleapis.com/v1/projects/covid-tracker-7c252/locations/us-central1/functions:generateUploadUrl  
 
[debug] [2020-06-04T17:58:36.558Z] <<< HTTP RESPONSE 200 {"content-type":"application/json; charset=UTF-8","vary":"X-Origin, Referer, Origin,Accept-Encoding","date":"Thu, 04 Jun 2020 17:58:31 GMT","server":"ESF","cache-control":"private","x-xss-protection":"0","x-frame-options":"SAMEORIGIN","x-content-type-options":"nosniff","alt-svc":"h3-27=\":443\"; ma=2592000,h3-25=\":443\"; ma=2592000,h3-T050=\":443\"; ma=2592000,h3-Q050=\":443\"; ma=2592000,h3-Q049=\":443\"; ma=2592000,h3-Q048=\":443\"; ma=2592000,h3-Q046=\":443\"; ma=2592000,h3-Q043=\":443\"; ma=2592000,quic=\":443\"; ma=2592000; v=\"46,43\"","accept-ranges":"none","transfer-encoding":"chunked"}
[debug] [2020-06-04T17:58:36.560Z] >>> HTTP REQUEST PUT https://storage.googleapis.com/gcf-upload-us-central1-25b8d8d2-ac20-4108-921a-5324c02bf81e/dc162695-c4b9-4cba-956b-f0f6bd4d2776.zip?GoogleAccessId=service-484285283484@gcf-admin-robot.iam.gserviceaccount.com&Expires=1591295311&Signature=L5VswsNkKUt0rYItpuTcKEhtKw80MiDt4CWLqbpqiGtqktkbNIyb60TdqDZYS0K%2FKwT%2BBxO7rlS9oNWWm0LaBEPWltkiZtvAVMrRkgom0qHhMatURx9E7tAQKvzjjBNzDkiPGuIHot9XnxI33keZpzEHsytNPTSMQqx%2BMOQNkhwUA5suIZCKvqf0I9wtfU6nzecjw5zJybw5CA%2FKvuEP6xC2YvJ0lxBIhqC4v3rJqqDeGsr%2BwuF5xvPpIku5jJ9DT0cYXt%2BboqnBxPRlIW6BKdH3QJPCojBWEUByiwOe%2BqXowT3uFx0W%2BgqGRJuOtRzxg2acNnZ5fG9O0dEoMf5yxg%3D%3D  
 <request body omitted>
[debug] [2020-06-04T17:59:43.924Z] <<< HTTP RESPONSE 200 {"x-guploader-uploadid":"AAANsUlbjZWBdVw798IcfObRW4ak8HdZXNQiT2Gc9qYZuQ7IghtYYmrhsMMtki2hUAlroPaOq6spS6W25RXggo6dsuUV_LpBXw","etag":"\"d9c97e95ab454a582191d13a7a40914d\"","x-goog-generation":"1591293579016598","x-goog-metageneration":"1","x-goog-hash":"crc32c=GZtt9g==, md5=2cl+latFSlghkdE6ekCRTQ==","x-goog-stored-content-length":"28824","x-goog-stored-content-encoding":"identity","vary":"Origin","content-length":"0","date":"Thu, 04 Jun 2020 17:59:39 GMT","server":"UploadServer","content-type":"text/html; charset=UTF-8","alt-svc":"h3-27=\":443\"; ma=2592000,h3-25=\":443\"; ma=2592000,h3-T050=\":443\"; ma=2592000,h3-Q050=\":443\"; ma=2592000,h3-Q049=\":443\"; ma=2592000,h3-Q048=\":443\"; ma=2592000,h3-Q046=\":443\"; ma=2592000,h3-Q043=\":443\"; ma=2592000,quic=\":443\"; ma=2592000; v=\"46,43\""}
[info] +  functions: functions folder uploaded successfully
[info] i  functions: creating Node.js 8 function sendPushNotifications(us-central1)...
[debug] [2020-06-04T17:59:43.930Z] Trigger is:  {"eventTrigger":{"resource":"projects/covid-tracker-7c252/databases/(default)/documents/Tokens/{doc}","eventType":"providers/cloud.firestore/eventTypes/document.create","service":"firestore.googleapis.com"}}
[debug] [2020-06-04T17:59:43.933Z] >>> HTTP REQUEST GET https://serviceusage.googleapis.com/v1/projects/covid-tracker-7c252/services/cloudscheduler.googleapis.com  
 
[debug] [2020-06-04T17:59:47.400Z] <<< HTTP RESPONSE 200 {"content-type":"application/json; charset=UTF-8","vary":"X-Origin, Referer, Origin,Accept-Encoding","date":"Thu, 04 Jun 2020 17:59:42 GMT","server":"ESF","cache-control":"private","x-xss-protection":"0","x-frame-options":"SAMEORIGIN","x-content-type-options":"nosniff","alt-svc":"h3-27=\":443\"; ma=2592000,h3-25=\":443\"; ma=2592000,h3-T050=\":443\"; ma=2592000,h3-Q050=\":443\"; ma=2592000,h3-Q049=\":443\"; ma=2592000,h3-Q048=\":443\"; ma=2592000,h3-Q046=\":443\"; ma=2592000,h3-Q043=\":443\"; ma=2592000,quic=\":443\"; ma=2592000; v=\"46,43\"","accept-ranges":"none","transfer-encoding":"chunked"}
[debug] [2020-06-04T17:59:47.408Z] >>> HTTP REQUEST POST https://cloudfunctions.googleapis.com/v1/projects/covid-tracker-7c252/locations/us-central1/functions  
 {"sourceUploadUrl":"https://storage.googleapis.com/gcf-upload-us-central1-25b8d8d2-ac20-4108-921a-5324c02bf81e/dc162695-c4b9-4cba-956b-f0f6bd4d2776.zip?GoogleAccessId=service-484285283484@gcf-admin-robot.iam.gserviceaccount.com&Expires=1591295311&Signature=L5VswsNkKUt0rYItpuTcKEhtKw80MiDt4CWLqbpqiGtqktkbNIyb60TdqDZYS0K%2FKwT%2BBxO7rlS9oNWWm0LaBEPWltkiZtvAVMrRkgom0qHhMatURx9E7tAQKvzjjBNzDkiPGuIHot9XnxI33keZpzEHsytNPTSMQqx%2BMOQNkhwUA5suIZCKvqf0I9wtfU6nzecjw5zJybw5CA%2FKvuEP6xC2YvJ0lxBIhqC4v3rJqqDeGsr%2BwuF5xvPpIku5jJ9DT0cYXt%2BboqnBxPRlIW6BKdH3QJPCojBWEUByiwOe%2BqXowT3uFx0W%2BgqGRJuOtRzxg2acNnZ5fG9O0dEoMf5yxg%3D%3D","name":"projects/covid-tracker-7c252/locations/us-central1/functions/sendPushNotifications","entryPoint":"sendPushNotifications","labels":{"deployment-tool":"cli-firebase"},"runtime":"nodejs8","eventTrigger":{"resource":"projects/covid-tracker-7c252/databases/(default)/documents/Tokens/{doc}","eventType":"providers/cloud.firestore/eventTypes/document.create","service":"firestore.googleapis.com"}}
[debug] [2020-06-04T18:00:01.983Z] <<< HTTP RESPONSE 200 {"content-type":"application/json; charset=UTF-8","vary":"X-Origin, Referer, Origin,Accept-Encoding","date":"Thu, 04 Jun 2020 17:59:44 GMT","server":"ESF","cache-control":"private","x-xss-protection":"0","x-frame-options":"SAMEORIGIN","x-content-type-options":"nosniff","alt-svc":"h3-27=\":443\"; ma=2592000,h3-25=\":443\"; ma=2592000,h3-T050=\":443\"; ma=2592000,h3-Q050=\":443\"; ma=2592000,h3-Q049=\":443\"; ma=2592000,h3-Q048=\":443\"; ma=2592000,h3-Q046=\":443\"; ma=2592000,h3-Q043=\":443\"; ma=2592000,quic=\":443\"; ma=2592000; v=\"46,43\"","accept-ranges":"none","transfer-encoding":"chunked"}
[debug] [2020-06-04T18:00:01.989Z] >>> HTTP REQUEST GET https://cloudfunctions.googleapis.com/v1/operations/Y292aWQtdHJhY2tlci03YzI1Mi91cy1jZW50cmFsMS9zZW5kUHVzaE5vdGlmaWNhdGlvbnMvRklGNUdsYTR5Q3M  
 
[debug] [2020-06-04T18:00:03.762Z] <<< HTTP RESPONSE 200 {"content-type":"application/json; charset=UTF-8","vary":"X-Origin, Referer, Origin,Accept-Encoding","date":"Thu, 04 Jun 2020 17:59:58 GMT","server":"ESF","cache-control":"private","x-xss-protection":"0","x-frame-options":"SAMEORIGIN","x-content-type-options":"nosniff","alt-svc":"h3-27=\":443\"; ma=2592000,h3-25=\":443\"; ma=2592000,h3-T050=\":443\"; ma=2592000,h3-Q050=\":443\"; ma=2592000,h3-Q049=\":443\"; ma=2592000,h3-Q048=\":443\"; ma=2592000,h3-Q046=\":443\"; ma=2592000,h3-Q043=\":443\"; ma=2592000,quic=\":443\"; ma=2592000; v=\"46,43\"","accept-ranges":"none","transfer-encoding":"chunked"}
[debug] [2020-06-04T18:00:05.765Z] >>> HTTP REQUEST GET https://cloudfunctions.googleapis.com/v1/operations/Y292aWQtdHJhY2tlci03YzI1Mi91cy1jZW50cmFsMS9zZW5kUHVzaE5vdGlmaWNhdGlvbnMvRklGNUdsYTR5Q3M  
 
[debug] [2020-06-04T18:00:06.322Z] <<< HTTP RESPONSE 200 {"content-type":"application/json; charset=UTF-8","vary":"X-Origin, Referer, Origin,Accept-Encoding","date":"Thu, 04 Jun 2020 18:00:01 GMT","server":"ESF","cache-control":"private","x-xss-protection":"0","x-frame-options":"SAMEORIGIN","x-content-type-options":"nosniff","alt-svc":"h3-27=\":443\"; ma=2592000,h3-25=\":443\"; ma=2592000,h3-T050=\":443\"; ma=2592000,h3-Q050=\":443\"; ma=2592000,h3-Q049=\":443\"; ma=2592000,h3-Q048=\":443\"; ma=2592000,h3-Q046=\":443\"; ma=2592000,h3-Q043=\":443\"; ma=2592000,quic=\":443\"; ma=2592000; v=\"46,43\"","accept-ranges":"none","transfer-encoding":"chunked"}
[debug] [2020-06-04T18:00:08.324Z] >>> HTTP REQUEST GET https://cloudfunctions.googleapis.com/v1/operations/Y292aWQtdHJhY2tlci03YzI1Mi91cy1jZW50cmFsMS9zZW5kUHVzaE5vdGlmaWNhdGlvbnMvRklGNUdsYTR5Q3M  
 
[debug] [2020-06-04T18:00:08.951Z] <<< HTTP RESPONSE 200 {"content-type":"application/json; charset=UTF-8","vary":"X-Origin, Referer, Origin,Accept-Encoding","date":"Thu, 04 Jun 2020 18:00:04 GMT","server":"ESF","cache-control":"private","x-xss-protection":"0","x-frame-options":"SAMEORIGIN","x-content-type-options":"nosniff","alt-svc":"h3-27=\":443\"; ma=2592000,h3-25=\":443\"; ma=2592000,h3-T050=\":443\"; ma=2592000,h3-Q050=\":443\"; ma=2592000,h3-Q049=\":443\"; ma=2592000,h3-Q048=\":443\"; ma=2592000,h3-Q046=\":443\"; ma=2592000,h3-Q043=\":443\"; ma=2592000,quic=\":443\"; ma=2592000; v=\"46,43\"","accept-ranges":"none","transfer-encoding":"chunked"}
[debug] [2020-06-04T18:00:10.956Z] >>> HTTP REQUEST GET https://cloudfunctions.googleapis.com/v1/operations/Y292aWQtdHJhY2tlci03YzI1Mi91cy1jZW50cmFsMS9zZW5kUHVzaE5vdGlmaWNhdGlvbnMvRklGNUdsYTR5Q3M  
 
[debug] [2020-06-04T18:00:12.045Z] <<< HTTP RESPONSE 200 {"content-type":"application/json; charset=UTF-8","vary":"X-Origin, Referer, Origin,Accept-Encoding","date":"Thu, 04 Jun 2020 18:00:07 GMT","server":"ESF","cache-control":"private","x-xss-protection":"0","x-frame-options":"SAMEORIGIN","x-content-type-options":"nosniff","alt-svc":"h3-27=\":443\"; ma=2592000,h3-25=\":443\"; ma=2592000,h3-T050=\":443\"; ma=2592000,h3-Q050=\":443\"; ma=2592000,h3-Q049=\":443\"; ma=2592000,h3-Q048=\":443\"; ma=2592000,h3-Q046=\":443\"; ma=2592000,h3-Q043=\":443\"; ma=2592000,quic=\":443\"; ma=2592000; v=\"46,43\"","accept-ranges":"none","transfer-encoding":"chunked"}
[debug] [2020-06-04T18:00:14.048Z] >>> HTTP REQUEST GET https://cloudfunctions.googleapis.com/v1/operations/Y292aWQtdHJhY2tlci03YzI1Mi91cy1jZW50cmFsMS9zZW5kUHVzaE5vdGlmaWNhdGlvbnMvRklGNUdsYTR5Q3M  
 
[debug] [2020-06-04T18:00:14.890Z] <<< HTTP RESPONSE 200 {"content-type":"application/json; charset=UTF-8","vary":"X-Origin, Referer, Origin,Accept-Encoding","date":"Thu, 04 Jun 2020 18:00:10 GMT","server":"ESF","cache-control":"private","x-xss-protection":"0","x-frame-options":"SAMEORIGIN","x-content-type-options":"nosniff","alt-svc":"h3-27=\":443\"; ma=2592000,h3-25=\":443\"; ma=2592000,h3-T050=\":443\"; ma=2592000,h3-Q050=\":443\"; ma=2592000,h3-Q049=\":443\"; ma=2592000,h3-Q048=\":443\"; ma=2592000,h3-Q046=\":443\"; ma=2592000,h3-Q043=\":443\"; ma=2592000,quic=\":443\"; ma=2592000; v=\"46,43\"","accept-ranges":"none","transfer-encoding":"chunked"}
[debug] [2020-06-04T18:00:16.899Z] >>> HTTP REQUEST GET https://cloudfunctions.googleapis.com/v1/operations/Y292aWQtdHJhY2tlci03YzI1Mi91cy1jZW50cmFsMS9zZW5kUHVzaE5vdGlmaWNhdGlvbnMvRklGNUdsYTR5Q3M  
 
[debug] [2020-06-04T18:00:17.684Z] <<< HTTP RESPONSE 200 {"content-type":"application/json; charset=UTF-8","vary":"X-Origin, Referer, Origin,Accept-Encoding","date":"Thu, 04 Jun 2020 18:00:13 GMT","server":"ESF","cache-control":"private","x-xss-protection":"0","x-frame-options":"SAMEORIGIN","x-content-type-options":"nosniff","alt-svc":"h3-27=\":443\"; ma=2592000,h3-25=\":443\"; ma=2592000,h3-T050=\":443\"; ma=2592000,h3-Q050=\":443\"; ma=2592000,h3-Q049=\":443\"; ma=2592000,h3-Q048=\":443\"; ma=2592000,h3-Q046=\":443\"; ma=2592000,h3-Q043=\":443\"; ma=2592000,quic=\":443\"; ma=2592000; v=\"46,43\"","accept-ranges":"none","transfer-encoding":"chunked"}
[debug] [2020-06-04T18:00:19.687Z] >>> HTTP REQUEST GET https://cloudfunctions.googleapis.com/v1/operations/Y292aWQtdHJhY2tlci03YzI1Mi91cy1jZW50cmFsMS9zZW5kUHVzaE5vdGlmaWNhdGlvbnMvRklGNUdsYTR5Q3M  
 
[debug] [2020-06-04T18:00:30.632Z] <<< HTTP RESPONSE 200 {"content-type":"application/json; charset=UTF-8","vary":"X-Origin, Referer, Origin,Accept-Encoding","date":"Thu, 04 Jun 2020 18:00:26 GMT","server":"ESF","cache-control":"private","x-xss-protection":"0","x-frame-options":"SAMEORIGIN","x-content-type-options":"nosniff","alt-svc":"h3-27=\":443\"; ma=2592000,h3-25=\":443\"; ma=2592000,h3-T050=\":443\"; ma=2592000,h3-Q050=\":443\"; ma=2592000,h3-Q049=\":443\"; ma=2592000,h3-Q048=\":443\"; ma=2592000,h3-Q046=\":443\"; ma=2592000,h3-Q043=\":443\"; ma=2592000,quic=\":443\"; ma=2592000; v=\"46,43\"","accept-ranges":"none","transfer-encoding":"chunked"}
[debug] [2020-06-04T18:00:32.638Z] >>> HTTP REQUEST GET https://cloudfunctions.googleapis.com/v1/operations/Y292aWQtdHJhY2tlci03YzI1Mi91cy1jZW50cmFsMS9zZW5kUHVzaE5vdGlmaWNhdGlvbnMvRklGNUdsYTR5Q3M  
 
[debug] [2020-06-04T18:00:33.476Z] <<< HTTP RESPONSE 200 {"content-type":"application/json; charset=UTF-8","vary":"X-Origin, Referer, Origin,Accept-Encoding","date":"Thu, 04 Jun 2020 18:00:28 GMT","server":"ESF","cache-control":"private","x-xss-protection":"0","x-frame-options":"SAMEORIGIN","x-content-type-options":"nosniff","alt-svc":"h3-27=\":443\"; ma=2592000,h3-25=\":443\"; ma=2592000,h3-T050=\":443\"; ma=2592000,h3-Q050=\":443\"; ma=2592000,h3-Q049=\":443\"; ma=2592000,h3-Q048=\":443\"; ma=2592000,h3-Q046=\":443\"; ma=2592000,h3-Q043=\":443\"; ma=2592000,quic=\":443\"; ma=2592000; v=\"46,43\"","accept-ranges":"none","transfer-encoding":"chunked"}
[debug] [2020-06-04T18:00:35.479Z] >>> HTTP REQUEST GET https://cloudfunctions.googleapis.com/v1/operations/Y292aWQtdHJhY2tlci03YzI1Mi91cy1jZW50cmFsMS9zZW5kUHVzaE5vdGlmaWNhdGlvbnMvRklGNUdsYTR5Q3M  
 
[debug] [2020-06-04T18:00:36.054Z] <<< HTTP RESPONSE 200 {"content-type":"application/json; charset=UTF-8","vary":"X-Origin, Referer, Origin,Accept-Encoding","date":"Thu, 04 Jun 2020 18:00:31 GMT","server":"ESF","cache-control":"private","x-xss-protection":"0","x-frame-options":"SAMEORIGIN","x-content-type-options":"nosniff","alt-svc":"h3-27=\":443\"; ma=2592000,h3-25=\":443\"; ma=2592000,h3-T050=\":443\"; ma=2592000,h3-Q050=\":443\"; ma=2592000,h3-Q049=\":443\"; ma=2592000,h3-Q048=\":443\"; ma=2592000,h3-Q046=\":443\"; ma=2592000,h3-Q043=\":443\"; ma=2592000,quic=\":443\"; ma=2592000; v=\"46,43\"","accept-ranges":"none","transfer-encoding":"chunked"}
[debug] [2020-06-04T18:00:38.058Z] >>> HTTP REQUEST GET https://cloudfunctions.googleapis.com/v1/operations/Y292aWQtdHJhY2tlci03YzI1Mi91cy1jZW50cmFsMS9zZW5kUHVzaE5vdGlmaWNhdGlvbnMvRklGNUdsYTR5Q3M  
 
[debug] [2020-06-04T18:00:38.950Z] <<< HTTP RESPONSE 200 {"content-type":"application/json; charset=UTF-8","vary":"X-Origin, Referer, Origin,Accept-Encoding","date":"Thu, 04 Jun 2020 18:00:34 GMT","server":"ESF","cache-control":"private","x-xss-protection":"0","x-frame-options":"SAMEORIGIN","x-content-type-options":"nosniff","alt-svc":"h3-27=\":443\"; ma=2592000,h3-25=\":443\"; ma=2592000,h3-T050=\":443\"; ma=2592000,h3-Q050=\":443\"; ma=2592000,h3-Q049=\":443\"; ma=2592000,h3-Q048=\":443\"; ma=2592000,h3-Q046=\":443\"; ma=2592000,h3-Q043=\":443\"; ma=2592000,quic=\":443\"; ma=2592000; v=\"46,43\"","accept-ranges":"none","transfer-encoding":"chunked"}
[debug] [2020-06-04T18:00:40.957Z] >>> HTTP REQUEST GET https://cloudfunctions.googleapis.com/v1/operations/Y292aWQtdHJhY2tlci03YzI1Mi91cy1jZW50cmFsMS9zZW5kUHVzaE5vdGlmaWNhdGlvbnMvRklGNUdsYTR5Q3M  
 
[debug] [2020-06-04T18:00:41.758Z] <<< HTTP RESPONSE 200 {"content-type":"application/json; charset=UTF-8","vary":"X-Origin, Referer, Origin,Accept-Encoding","date":"Thu, 04 Jun 2020 18:00:37 GMT","server":"ESF","cache-control":"private","x-xss-protection":"0","x-frame-options":"SAMEORIGIN","x-content-type-options":"nosniff","alt-svc":"h3-27=\":443\"; ma=2592000,h3-25=\":443\"; ma=2592000,h3-T050=\":443\"; ma=2592000,h3-Q050=\":443\"; ma=2592000,h3-Q049=\":443\"; ma=2592000,h3-Q048=\":443\"; ma=2592000,h3-Q046=\":443\"; ma=2592000,h3-Q043=\":443\"; ma=2592000,quic=\":443\"; ma=2592000; v=\"46,43\"","accept-ranges":"none","transfer-encoding":"chunked"}
[debug] [2020-06-04T18:00:43.764Z] >>> HTTP REQUEST GET https://cloudfunctions.googleapis.com/v1/operations/Y292aWQtdHJhY2tlci03YzI1Mi91cy1jZW50cmFsMS9zZW5kUHVzaE5vdGlmaWNhdGlvbnMvRklGNUdsYTR5Q3M  
 
[debug] [2020-06-04T18:00:44.593Z] <<< HTTP RESPONSE 200 {"content-type":"application/json; charset=UTF-8","vary":"X-Origin, Referer, Origin,Accept-Encoding","date":"Thu, 04 Jun 2020 18:00:39 GMT","server":"ESF","cache-control":"private","x-xss-protection":"0","x-frame-options":"SAMEORIGIN","x-content-type-options":"nosniff","alt-svc":"h3-27=\":443\"; ma=2592000,h3-25=\":443\"; ma=2592000,h3-T050=\":443\"; ma=2592000,h3-Q050=\":443\"; ma=2592000,h3-Q049=\":443\"; ma=2592000,h3-Q048=\":443\"; ma=2592000,h3-Q046=\":443\"; ma=2592000,h3-Q043=\":443\"; ma=2592000,quic=\":443\"; ma=2592000; v=\"46,43\"","accept-ranges":"none","transfer-encoding":"chunked"}
[debug] [2020-06-04T18:00:46.601Z] >>> HTTP REQUEST GET https://cloudfunctions.googleapis.com/v1/operations/Y292aWQtdHJhY2tlci03YzI1Mi91cy1jZW50cmFsMS9zZW5kUHVzaE5vdGlmaWNhdGlvbnMvRklGNUdsYTR5Q3M  
 
[debug] [2020-06-04T18:00:47.476Z] <<< HTTP RESPONSE 200 {"content-type":"application/json; charset=UTF-8","vary":"X-Origin, Referer, Origin,Accept-Encoding","date":"Thu, 04 Jun 2020 18:00:42 GMT","server":"ESF","cache-control":"private","x-xss-protection":"0","x-frame-options":"SAMEORIGIN","x-content-type-options":"nosniff","alt-svc":"h3-27=\":443\"; ma=2592000,h3-25=\":443\"; ma=2592000,h3-T050=\":443\"; ma=2592000,h3-Q050=\":443\"; ma=2592000,h3-Q049=\":443\"; ma=2592000,h3-Q048=\":443\"; ma=2592000,h3-Q046=\":443\"; ma=2592000,h3-Q043=\":443\"; ma=2592000,quic=\":443\"; ma=2592000; v=\"46,43\"","accept-ranges":"none","transfer-encoding":"chunked"}
[debug] [2020-06-04T18:00:49.483Z] >>> HTTP REQUEST GET https://cloudfunctions.googleapis.com/v1/operations/Y292aWQtdHJhY2tlci03YzI1Mi91cy1jZW50cmFsMS9zZW5kUHVzaE5vdGlmaWNhdGlvbnMvRklGNUdsYTR5Q3M  
 
[debug] [2020-06-04T18:00:50.266Z] <<< HTTP RESPONSE 200 {"content-type":"application/json; charset=UTF-8","vary":"X-Origin, Referer, Origin,Accept-Encoding","date":"Thu, 04 Jun 2020 18:00:45 GMT","server":"ESF","cache-control":"private","x-xss-protection":"0","x-frame-options":"SAMEORIGIN","x-content-type-options":"nosniff","alt-svc":"h3-27=\":443\"; ma=2592000,h3-25=\":443\"; ma=2592000,h3-T050=\":443\"; ma=2592000,h3-Q050=\":443\"; ma=2592000,h3-Q049=\":443\"; ma=2592000,h3-Q048=\":443\"; ma=2592000,h3-Q046=\":443\"; ma=2592000,h3-Q043=\":443\"; ma=2592000,quic=\":443\"; ma=2592000; v=\"46,43\"","accept-ranges":"none","transfer-encoding":"chunked"}
[debug] [2020-06-04T18:00:52.271Z] >>> HTTP REQUEST GET https://cloudfunctions.googleapis.com/v1/operations/Y292aWQtdHJhY2tlci03YzI1Mi91cy1jZW50cmFsMS9zZW5kUHVzaE5vdGlmaWNhdGlvbnMvRklGNUdsYTR5Q3M  
 
[debug] [2020-06-04T18:00:53.233Z] <<< HTTP RESPONSE 200 {"content-type":"application/json; charset=UTF-8","vary":"X-Origin, Referer, Origin,Accept-Encoding","date":"Thu, 04 Jun 2020 18:00:48 GMT","server":"ESF","cache-control":"private","x-xss-protection":"0","x-frame-options":"SAMEORIGIN","x-content-type-options":"nosniff","alt-svc":"h3-27=\":443\"; ma=2592000,h3-25=\":443\"; ma=2592000,h3-T050=\":443\"; ma=2592000,h3-Q050=\":443\"; ma=2592000,h3-Q049=\":443\"; ma=2592000,h3-Q048=\":443\"; ma=2592000,h3-Q046=\":443\"; ma=2592000,h3-Q043=\":443\"; ma=2592000,quic=\":443\"; ma=2592000; v=\"46,43\"","accept-ranges":"none","transfer-encoding":"chunked"}
[info] +  functions[sendPushNotifications(us-central1)]: Successful create operation. 
[info] 
[info] +  Deploy complete!
[info] 
[info] Project Console: https://console.firebase.google.com/project/covid-tracker-7c252/overview
[debug] [2020-06-04T18:06:06.197Z] ----------------------------------------------------------------------
[debug] [2020-06-04T18:06:06.200Z] Command:       C:\Program Files\nodejs\node.exe C:\Users\pratyaksh\AppData\Local\Yarn\Data\global\node_modules\firebase-tools\lib\bin\firebase.js deploy --only functions
[debug] [2020-06-04T18:06:06.200Z] CLI Version:   8.2.0
[debug] [2020-06-04T18:06:06.200Z] Platform:      win32
[debug] [2020-06-04T18:06:06.200Z] Node Version:  v12.9.1
[debug] [2020-06-04T18:06:06.200Z] Time:          Thu Jun 04 2020 23:36:06 GMT+0530 (India Standard Time)
[debug] [2020-06-04T18:06:06.201Z] ----------------------------------------------------------------------
[debug] [2020-06-04T18:06:06.201Z] 
[debug] [2020-06-04T18:06:06.209Z] > command requires scopes: ["email","openid","https://www.googleapis.com/auth/cloudplatformprojects.readonly","https://www.googleapis.com/auth/firebase","https://www.googleapis.com/auth/cloud-platform"]
[debug] [2020-06-04T18:06:06.211Z] > authorizing via signed-in user
[debug] [2020-06-04T18:06:06.211Z] [iam] checking project covid-tracker-7c252 for permissions ["cloudfunctions.functions.create","cloudfunctions.functions.delete","cloudfunctions.functions.get","cloudfunctions.functions.list","cloudfunctions.functions.update","cloudfunctions.operations.get","firebase.projects.get"]
[debug] [2020-06-04T18:06:06.214Z] > refreshing access token with scopes: ["email","https://www.googleapis.com/auth/cloud-platform","https://www.googleapis.com/auth/cloudplatformprojects.readonly","https://www.googleapis.com/auth/firebase","openid"]
[debug] [2020-06-04T18:06:06.215Z] >>> HTTP REQUEST POST https://www.googleapis.com/oauth2/v3/token  
 <request body omitted>
[debug] [2020-06-04T18:06:06.824Z] <<< HTTP RESPONSE 200 {"content-type":"application/json; charset=utf-8","vary":"X-Origin, Referer, Origin,Accept-Encoding","date":"Thu, 04 Jun 2020 18:06:02 GMT","server":"scaffolding on HTTPServer2","cache-control":"private","x-xss-protection":"0","x-frame-options":"SAMEORIGIN","x-content-type-options":"nosniff","alt-svc":"h3-27=\":443\"; ma=2592000,h3-25=\":443\"; ma=2592000,h3-T050=\":443\"; ma=2592000,h3-Q050=\":443\"; ma=2592000,h3-Q049=\":443\"; ma=2592000,h3-Q048=\":443\"; ma=2592000,h3-Q046=\":443\"; ma=2592000,h3-Q043=\":443\"; ma=2592000,quic=\":443\"; ma=2592000; v=\"46,43\"","accept-ranges":"none","transfer-encoding":"chunked"}
[debug] [2020-06-04T18:06:06.832Z] >>> HTTP REQUEST POST https://cloudresourcemanager.googleapis.com/v1/projects/covid-tracker-7c252:testIamPermissions  
 {"permissions":["cloudfunctions.functions.create","cloudfunctions.functions.delete","cloudfunctions.functions.get","cloudfunctions.functions.list","cloudfunctions.functions.update","cloudfunctions.operations.get","firebase.projects.get"]}
[debug] [2020-06-04T18:06:08.742Z] <<< HTTP RESPONSE 200 {"content-type":"application/json; charset=UTF-8","vary":"X-Origin, Referer, Origin,Accept-Encoding","date":"Thu, 04 Jun 2020 18:06:04 GMT","server":"ESF","cache-control":"private","x-xss-protection":"0","x-frame-options":"SAMEORIGIN","x-content-type-options":"nosniff","server-timing":"gfet4t7; dur=1379","alt-svc":"h3-27=\":443\"; ma=2592000,h3-25=\":443\"; ma=2592000,h3-T050=\":443\"; ma=2592000,h3-Q050=\":443\"; ma=2592000,h3-Q049=\":443\"; ma=2592000,h3-Q048=\":443\"; ma=2592000,h3-Q046=\":443\"; ma=2592000,h3-Q043=\":443\"; ma=2592000,quic=\":443\"; ma=2592000; v=\"46,43\"","accept-ranges":"none","transfer-encoding":"chunked"}
[debug] [2020-06-04T18:06:08.745Z] >>> HTTP REQUEST POST https://iam.googleapis.com/v1/projects/covid-tracker-7c252/serviceAccounts/covid-tracker-7c252@appspot.gserviceaccount.com:testIamPermissions  
 {"permissions":["iam.serviceAccounts.actAs"]}
[debug] [2020-06-04T18:06:10.855Z] <<< HTTP RESPONSE 200 {"content-type":"application/json; charset=UTF-8","vary":"X-Origin, Referer, Origin,Accept-Encoding","date":"Thu, 04 Jun 2020 18:06:06 GMT","server":"ESF","cache-control":"private","x-xss-protection":"0","x-frame-options":"SAMEORIGIN","x-content-type-options":"nosniff","alt-svc":"h3-27=\":443\"; ma=2592000,h3-25=\":443\"; ma=2592000,h3-T050=\":443\"; ma=2592000,h3-Q050=\":443\"; ma=2592000,h3-Q049=\":443\"; ma=2592000,h3-Q048=\":443\"; ma=2592000,h3-Q046=\":443\"; ma=2592000,h3-Q043=\":443\"; ma=2592000,quic=\":443\"; ma=2592000; v=\"46,43\"","accept-ranges":"none","transfer-encoding":"chunked"}
[info] 
[info] === Deploying to 'covid-tracker-7c252'...
[info] 
[info] i  deploying functions
[debug] [2020-06-04T18:06:13.722Z] > [functions] package.json contents: {
  "name": "functions",
  "description": "Cloud Functions for Firebase",
  "scripts": {
    "serve": "firebase emulators:start --only functions",
    "shell": "firebase functions:shell",
    "start": "npm run shell",
    "deploy": "firebase deploy --only functions",
    "logs": "firebase functions:log"
  },
  "engines": {
    "node": "8"
  },
  "dependencies": {
    "expo-server-sdk": "^3.5.0",
    "firebase-admin": "^8.10.0",
    "firebase-functions": "^3.6.1"
  },
  "devDependencies": {
    "firebase-functions-test": "^0.2.0"
  },
  "private": true
}
[info] i  functions: ensuring required API cloudfunctions.googleapis.com is enabled...
[debug] [2020-06-04T18:06:15.350Z] [functions] runtime dependency check dates: warning: 2020-05-21T00:00:00.000Z error: 2020-06-23T00:00:00.000Z
[debug] [2020-06-04T18:06:15.353Z] >>> HTTP REQUEST GET https://serviceusage.googleapis.com/v1/projects/covid-tracker-7c252/services/cloudfunctions.googleapis.com  
 
[debug] [2020-06-04T18:06:15.354Z] >>> HTTP REQUEST GET https://serviceusage.googleapis.com/v1/projects/covid-tracker-7c252/services/runtimeconfig.googleapis.com  
 
[debug] [2020-06-04T18:06:17.502Z] <<< HTTP RESPONSE 200 {"content-type":"application/json; charset=UTF-8","vary":"X-Origin, Referer, Origin,Accept-Encoding","date":"Thu, 04 Jun 2020 18:06:12 GMT","server":"ESF","cache-control":"private","x-xss-protection":"0","x-frame-options":"SAMEORIGIN","x-content-type-options":"nosniff","alt-svc":"h3-27=\":443\"; ma=2592000,h3-25=\":443\"; ma=2592000,h3-T050=\":443\"; ma=2592000,h3-Q050=\":443\"; ma=2592000,h3-Q049=\":443\"; ma=2592000,h3-Q048=\":443\"; ma=2592000,h3-Q046=\":443\"; ma=2592000,h3-Q043=\":443\"; ma=2592000,quic=\":443\"; ma=2592000; v=\"46,43\"","accept-ranges":"none","transfer-encoding":"chunked"}
[debug] [2020-06-04T18:06:17.746Z] <<< HTTP RESPONSE 200 {"content-type":"application/json; charset=UTF-8","vary":"X-Origin, Referer, Origin,Accept-Encoding","date":"Thu, 04 Jun 2020 18:06:12 GMT","server":"ESF","cache-control":"private","x-xss-protection":"0","x-frame-options":"SAMEORIGIN","x-content-type-options":"nosniff","alt-svc":"h3-27=\":443\"; ma=2592000,h3-25=\":443\"; ma=2592000,h3-T050=\":443\"; ma=2592000,h3-Q050=\":443\"; ma=2592000,h3-Q049=\":443\"; ma=2592000,h3-Q048=\":443\"; ma=2592000,h3-Q046=\":443\"; ma=2592000,h3-Q043=\":443\"; ma=2592000,quic=\":443\"; ma=2592000; v=\"46,43\"","accept-ranges":"none","transfer-encoding":"chunked"}
[info] +  functions: required API cloudfunctions.googleapis.com is enabled
[debug] [2020-06-04T18:06:17.757Z] >>> HTTP REQUEST GET https://firebase.googleapis.com/v1beta1/projects/covid-tracker-7c252/adminSdkConfig  
 
[debug] [2020-06-04T18:06:18.557Z] <<< HTTP RESPONSE 200 {"content-type":"application/json; charset=UTF-8","vary":"X-Origin, Referer, Origin,Accept-Encoding","date":"Thu, 04 Jun 2020 18:06:14 GMT","server":"ESF","cache-control":"private","x-xss-protection":"0","x-frame-options":"SAMEORIGIN","x-content-type-options":"nosniff","alt-svc":"h3-27=\":443\"; ma=2592000,h3-25=\":443\"; ma=2592000,h3-T050=\":443\"; ma=2592000,h3-Q050=\":443\"; ma=2592000,h3-Q049=\":443\"; ma=2592000,h3-Q048=\":443\"; ma=2592000,h3-Q046=\":443\"; ma=2592000,h3-Q043=\":443\"; ma=2592000,quic=\":443\"; ma=2592000; v=\"46,43\"","accept-ranges":"none","transfer-encoding":"chunked"}
[info] i  functions: preparing functions directory for uploading...
[debug] [2020-06-04T18:06:18.570Z] >>> HTTP REQUEST GET https://runtimeconfig.googleapis.com/v1beta1/projects/covid-tracker-7c252/configs  
 
[debug] [2020-06-04T18:06:20.581Z] <<< HTTP RESPONSE 200 {"content-type":"application/json; charset=UTF-8","vary":"X-Origin, Referer, Origin,Accept-Encoding","date":"Thu, 04 Jun 2020 18:06:15 GMT","server":"ESF","cache-control":"private","x-xss-protection":"0","x-frame-options":"SAMEORIGIN","x-content-type-options":"nosniff","alt-svc":"h3-27=\":443\"; ma=2592000,h3-25=\":443\"; ma=2592000,h3-T050=\":443\"; ma=2592000,h3-Q050=\":443\"; ma=2592000,h3-Q049=\":443\"; ma=2592000,h3-Q048=\":443\"; ma=2592000,h3-Q046=\":443\"; ma=2592000,h3-Q043=\":443\"; ma=2592000,quic=\":443\"; ma=2592000; v=\"46,43\"","accept-ranges":"none","transfer-encoding":"chunked"}
[info] i  functions: packaged functions (28.15 KB) for uploading
[debug] [2020-06-04T18:06:20.740Z] >>> HTTP REQUEST GET https://cloudfunctions.googleapis.com/v1/projects/covid-tracker-7c252/locations/-/functions  
 
[debug] [2020-06-04T18:06:22.023Z] <<< HTTP RESPONSE 200 {"content-type":"application/json; charset=UTF-8","vary":"X-Origin, Referer, Origin,Accept-Encoding","date":"Thu, 04 Jun 2020 18:06:17 GMT","server":"ESF","cache-control":"private","x-xss-protection":"0","x-frame-options":"SAMEORIGIN","x-content-type-options":"nosniff","alt-svc":"h3-27=\":443\"; ma=2592000,h3-25=\":443\"; ma=2592000,h3-T050=\":443\"; ma=2592000,h3-Q050=\":443\"; ma=2592000,h3-Q049=\":443\"; ma=2592000,h3-Q048=\":443\"; ma=2592000,h3-Q046=\":443\"; ma=2592000,h3-Q043=\":443\"; ma=2592000,quic=\":443\"; ma=2592000; v=\"46,43\"","accept-ranges":"none","transfer-encoding":"chunked"}
[debug] [2020-06-04T18:06:22.034Z] >>> HTTP REQUEST POST https://cloudfunctions.googleapis.com/v1/projects/covid-tracker-7c252/locations/us-central1/functions:generateUploadUrl  
 
[debug] [2020-06-04T18:06:23.227Z] <<< HTTP RESPONSE 200 {"content-type":"application/json; charset=UTF-8","vary":"X-Origin, Referer, Origin,Accept-Encoding","date":"Thu, 04 Jun 2020 18:06:18 GMT","server":"ESF","cache-control":"private","x-xss-protection":"0","x-frame-options":"SAMEORIGIN","x-content-type-options":"nosniff","alt-svc":"h3-27=\":443\"; ma=2592000,h3-25=\":443\"; ma=2592000,h3-T050=\":443\"; ma=2592000,h3-Q050=\":443\"; ma=2592000,h3-Q049=\":443\"; ma=2592000,h3-Q048=\":443\"; ma=2592000,h3-Q046=\":443\"; ma=2592000,h3-Q043=\":443\"; ma=2592000,quic=\":443\"; ma=2592000; v=\"46,43\"","accept-ranges":"none","transfer-encoding":"chunked"}
[debug] [2020-06-04T18:06:23.231Z] >>> HTTP REQUEST PUT https://storage.googleapis.com/gcf-upload-us-central1-25b8d8d2-ac20-4108-921a-5324c02bf81e/42256508-8e0b-4fd2-a638-94c086602b0e.zip?GoogleAccessId=service-484285283484@gcf-admin-robot.iam.gserviceaccount.com&Expires=1591295778&Signature=R6XQQ9lB3ujuZQH0tiM2SbTIx%2B0AOowEfs%2F6KFmh0zJJXEis%2BgeTmodR1nl3FGVImbzxAYfXR6D2pnAMyCyFKPjlESn9ypeSfbAboxh1xCRVhUde2oAa6vSl0zCbNYxpCF1QF5J8Qq7HbY455J6p19WWS5x89aPOTG1xpTGd2n16JALtvn8I9L2vl6sMLLtPKswNyk%2FTFebjI%2FYGsbpYB1tBpeCd9jR%2B597qs%2B%2FJ1xrMr4jAdYYcJa4%2BNAMTruW811WR4TE2qMV4fqjJMwFHJjGNZV64FAjWB7G9wSqzwv%2F9CqBdPDtzUxhu0xts69KFoYS6bMYKpXhwjXHQVRcAnA%3D%3D  
 <request body omitted>
[debug] [2020-06-04T18:06:24.694Z] <<< HTTP RESPONSE 200 {"x-guploader-uploadid":"AAANsUmsYDmKBCxcOccPyVLNAfGv0MlHvsNc2YdX5KVlLKkkY3RZ1WnM92Q-hGhl3FTqsYb7bqIxLkqYdowkoa3UwS4","etag":"\"83b53c077414a16b1c7378908f4fed7e\"","x-goog-generation":"1591293980028240","x-goog-metageneration":"1","x-goog-hash":"crc32c=WTWZUw==, md5=g7U8B3QUoWscc3iQj0/tfg==","x-goog-stored-content-length":"28828","x-goog-stored-content-encoding":"identity","vary":"Origin","content-length":"0","date":"Thu, 04 Jun 2020 18:06:20 GMT","server":"UploadServer","content-type":"text/html; charset=UTF-8","alt-svc":"h3-27=\":443\"; ma=2592000,h3-25=\":443\"; ma=2592000,h3-T050=\":443\"; ma=2592000,h3-Q050=\":443\"; ma=2592000,h3-Q049=\":443\"; ma=2592000,h3-Q048=\":443\"; ma=2592000,h3-Q046=\":443\"; ma=2592000,h3-Q043=\":443\"; ma=2592000,quic=\":443\"; ma=2592000; v=\"46,43\""}
[info] +  functions: functions folder uploaded successfully
[info] i  functions: updating Node.js 8 function sendPushNotifications(us-central1)...
[debug] [2020-06-04T18:06:24.704Z] Trigger is:  {"eventTrigger":{"resource":"projects/covid-tracker-7c252/databases/(default)/documents/Tokens/{doc}","eventType":"providers/cloud.firestore/eventTypes/document.create","service":"firestore.googleapis.com"}}
[debug] [2020-06-04T18:06:24.706Z] >>> HTTP REQUEST GET https://serviceusage.googleapis.com/v1/projects/covid-tracker-7c252/services/cloudscheduler.googleapis.com  
 
[debug] [2020-06-04T18:06:26.545Z] <<< HTTP RESPONSE 200 {"content-type":"application/json; charset=UTF-8","vary":"X-Origin, Referer, Origin,Accept-Encoding","date":"Thu, 04 Jun 2020 18:06:21 GMT","server":"ESF","cache-control":"private","x-xss-protection":"0","x-frame-options":"SAMEORIGIN","x-content-type-options":"nosniff","alt-svc":"h3-27=\":443\"; ma=2592000,h3-25=\":443\"; ma=2592000,h3-T050=\":443\"; ma=2592000,h3-Q050=\":443\"; ma=2592000,h3-Q049=\":443\"; ma=2592000,h3-Q048=\":443\"; ma=2592000,h3-Q046=\":443\"; ma=2592000,h3-Q043=\":443\"; ma=2592000,quic=\":443\"; ma=2592000; v=\"46,43\"","accept-ranges":"none","transfer-encoding":"chunked"}
[debug] [2020-06-04T18:06:26.549Z] >>> HTTP REQUEST PATCH https://cloudfunctions.googleapis.com/v1/projects/covid-tracker-7c252/locations/us-central1/functions/sendPushNotifications {"updateMask":"sourceUploadUrl,name,labels,runtime,eventTrigger.resource,eventTrigger.eventType,eventTrigger.service"} 
 {"sourceUploadUrl":"https://storage.googleapis.com/gcf-upload-us-central1-25b8d8d2-ac20-4108-921a-5324c02bf81e/42256508-8e0b-4fd2-a638-94c086602b0e.zip?GoogleAccessId=service-484285283484@gcf-admin-robot.iam.gserviceaccount.com&Expires=1591295778&Signature=R6XQQ9lB3ujuZQH0tiM2SbTIx%2B0AOowEfs%2F6KFmh0zJJXEis%2BgeTmodR1nl3FGVImbzxAYfXR6D2pnAMyCyFKPjlESn9ypeSfbAboxh1xCRVhUde2oAa6vSl0zCbNYxpCF1QF5J8Qq7HbY455J6p19WWS5x89aPOTG1xpTGd2n16JALtvn8I9L2vl6sMLLtPKswNyk%2FTFebjI%2FYGsbpYB1tBpeCd9jR%2B597qs%2B%2FJ1xrMr4jAdYYcJa4%2BNAMTruW811WR4TE2qMV4fqjJMwFHJjGNZV64FAjWB7G9wSqzwv%2F9CqBdPDtzUxhu0xts69KFoYS6bMYKpXhwjXHQVRcAnA%3D%3D","name":"projects/covid-tracker-7c252/locations/us-central1/functions/sendPushNotifications","labels":{"deployment-tool":"cli-firebase"},"eventTrigger":{"resource":"projects/covid-tracker-7c252/databases/(default)/documents/Tokens/{doc}","eventType":"providers/cloud.firestore/eventTypes/document.create","service":"firestore.googleapis.com"},"runtime":"nodejs8"}
[debug] [2020-06-04T18:06:27.631Z] <<< HTTP RESPONSE 200 {"content-type":"application/json; charset=UTF-8","vary":"X-Origin, Referer, Origin,Accept-Encoding","date":"Thu, 04 Jun 2020 18:06:23 GMT","server":"ESF","cache-control":"private","x-xss-protection":"0","x-frame-options":"SAMEORIGIN","x-content-type-options":"nosniff","alt-svc":"h3-27=\":443\"; ma=2592000,h3-25=\":443\"; ma=2592000,h3-T050=\":443\"; ma=2592000,h3-Q050=\":443\"; ma=2592000,h3-Q049=\":443\"; ma=2592000,h3-Q048=\":443\"; ma=2592000,h3-Q046=\":443\"; ma=2592000,h3-Q043=\":443\"; ma=2592000,quic=\":443\"; ma=2592000; v=\"46,43\"","accept-ranges":"none","transfer-encoding":"chunked"}
[debug] [2020-06-04T18:06:27.635Z] >>> HTTP REQUEST GET https://cloudfunctions.googleapis.com/v1/operations/Y292aWQtdHJhY2tlci03YzI1Mi91cy1jZW50cmFsMS9zZW5kUHVzaE5vdGlmaWNhdGlvbnMvakRaWFh4d1lubG8  
 
[debug] [2020-06-04T18:06:29.023Z] <<< HTTP RESPONSE 200 {"content-type":"application/json; charset=UTF-8","vary":"X-Origin, Referer, Origin,Accept-Encoding","date":"Thu, 04 Jun 2020 18:06:23 GMT","server":"ESF","cache-control":"private","x-xss-protection":"0","x-frame-options":"SAMEORIGIN","x-content-type-options":"nosniff","alt-svc":"h3-27=\":443\"; ma=2592000,h3-25=\":443\"; ma=2592000,h3-T050=\":443\"; ma=2592000,h3-Q050=\":443\"; ma=2592000,h3-Q049=\":443\"; ma=2592000,h3-Q048=\":443\"; ma=2592000,h3-Q046=\":443\"; ma=2592000,h3-Q043=\":443\"; ma=2592000,quic=\":443\"; ma=2592000; v=\"46,43\"","accept-ranges":"none","transfer-encoding":"chunked"}
[debug] [2020-06-04T18:06:31.027Z] >>> HTTP REQUEST GET https://cloudfunctions.googleapis.com/v1/operations/Y292aWQtdHJhY2tlci03YzI1Mi91cy1jZW50cmFsMS9zZW5kUHVzaE5vdGlmaWNhdGlvbnMvakRaWFh4d1lubG8  
 
[debug] [2020-06-04T18:06:33.503Z] <<< HTTP RESPONSE 200 {"content-type":"application/json; charset=UTF-8","vary":"X-Origin, Referer, Origin,Accept-Encoding","date":"Thu, 04 Jun 2020 18:06:28 GMT","server":"ESF","cache-control":"private","x-xss-protection":"0","x-frame-options":"SAMEORIGIN","x-content-type-options":"nosniff","alt-svc":"h3-27=\":443\"; ma=2592000,h3-25=\":443\"; ma=2592000,h3-T050=\":443\"; ma=2592000,h3-Q050=\":443\"; ma=2592000,h3-Q049=\":443\"; ma=2592000,h3-Q048=\":443\"; ma=2592000,h3-Q046=\":443\"; ma=2592000,h3-Q043=\":443\"; ma=2592000,quic=\":443\"; ma=2592000; v=\"46,43\"","accept-ranges":"none","transfer-encoding":"chunked"}
[debug] [2020-06-04T18:06:35.507Z] >>> HTTP REQUEST GET https://cloudfunctions.googleapis.com/v1/operations/Y292aWQtdHJhY2tlci03YzI1Mi91cy1jZW50cmFsMS9zZW5kUHVzaE5vdGlmaWNhdGlvbnMvakRaWFh4d1lubG8  
 
[debug] [2020-06-04T18:06:38.213Z] <<< HTTP RESPONSE 200 {"content-type":"application/json; charset=UTF-8","vary":"X-Origin, Referer, Origin,Accept-Encoding","date":"Thu, 04 Jun 2020 18:06:32 GMT","server":"ESF","cache-control":"private","x-xss-protection":"0","x-frame-options":"SAMEORIGIN","x-content-type-options":"nosniff","alt-svc":"h3-27=\":443\"; ma=2592000,h3-25=\":443\"; ma=2592000,h3-T050=\":443\"; ma=2592000,h3-Q050=\":443\"; ma=2592000,h3-Q049=\":443\"; ma=2592000,h3-Q048=\":443\"; ma=2592000,h3-Q046=\":443\"; ma=2592000,h3-Q043=\":443\"; ma=2592000,quic=\":443\"; ma=2592000; v=\"46,43\"","accept-ranges":"none","transfer-encoding":"chunked"}
[debug] [2020-06-04T18:06:40.215Z] >>> HTTP REQUEST GET https://cloudfunctions.googleapis.com/v1/operations/Y292aWQtdHJhY2tlci03YzI1Mi91cy1jZW50cmFsMS9zZW5kUHVzaE5vdGlmaWNhdGlvbnMvakRaWFh4d1lubG8  
 
[debug] [2020-06-04T18:06:41.119Z] <<< HTTP RESPONSE 200 {"content-type":"application/json; charset=UTF-8","vary":"X-Origin, Referer, Origin,Accept-Encoding","date":"Thu, 04 Jun 2020 18:06:36 GMT","server":"ESF","cache-control":"private","x-xss-protection":"0","x-frame-options":"SAMEORIGIN","x-content-type-options":"nosniff","alt-svc":"h3-27=\":443\"; ma=2592000,h3-25=\":443\"; ma=2592000,h3-T050=\":443\"; ma=2592000,h3-Q050=\":443\"; ma=2592000,h3-Q049=\":443\"; ma=2592000,h3-Q048=\":443\"; ma=2592000,h3-Q046=\":443\"; ma=2592000,h3-Q043=\":443\"; ma=2592000,quic=\":443\"; ma=2592000; v=\"46,43\"","accept-ranges":"none","transfer-encoding":"chunked"}
[debug] [2020-06-04T18:06:43.131Z] >>> HTTP REQUEST GET https://cloudfunctions.googleapis.com/v1/operations/Y292aWQtdHJhY2tlci03YzI1Mi91cy1jZW50cmFsMS9zZW5kUHVzaE5vdGlmaWNhdGlvbnMvakRaWFh4d1lubG8  
 
[debug] [2020-06-04T18:06:43.873Z] <<< HTTP RESPONSE 200 {"content-type":"application/json; charset=UTF-8","vary":"X-Origin, Referer, Origin,Accept-Encoding","date":"Thu, 04 Jun 2020 18:06:39 GMT","server":"ESF","cache-control":"private","x-xss-protection":"0","x-frame-options":"SAMEORIGIN","x-content-type-options":"nosniff","alt-svc":"h3-27=\":443\"; ma=2592000,h3-25=\":443\"; ma=2592000,h3-T050=\":443\"; ma=2592000,h3-Q050=\":443\"; ma=2592000,h3-Q049=\":443\"; ma=2592000,h3-Q048=\":443\"; ma=2592000,h3-Q046=\":443\"; ma=2592000,h3-Q043=\":443\"; ma=2592000,quic=\":443\"; ma=2592000; v=\"46,43\"","accept-ranges":"none","transfer-encoding":"chunked"}
[debug] [2020-06-04T18:06:45.880Z] >>> HTTP REQUEST GET https://cloudfunctions.googleapis.com/v1/operations/Y292aWQtdHJhY2tlci03YzI1Mi91cy1jZW50cmFsMS9zZW5kUHVzaE5vdGlmaWNhdGlvbnMvakRaWFh4d1lubG8  
 
[debug] [2020-06-04T18:06:46.609Z] <<< HTTP RESPONSE 200 {"content-type":"application/json; charset=UTF-8","vary":"X-Origin, Referer, Origin,Accept-Encoding","date":"Thu, 04 Jun 2020 18:06:41 GMT","server":"ESF","cache-control":"private","x-xss-protection":"0","x-frame-options":"SAMEORIGIN","x-content-type-options":"nosniff","alt-svc":"h3-27=\":443\"; ma=2592000,h3-25=\":443\"; ma=2592000,h3-T050=\":443\"; ma=2592000,h3-Q050=\":443\"; ma=2592000,h3-Q049=\":443\"; ma=2592000,h3-Q048=\":443\"; ma=2592000,h3-Q046=\":443\"; ma=2592000,h3-Q043=\":443\"; ma=2592000,quic=\":443\"; ma=2592000; v=\"46,43\"","accept-ranges":"none","transfer-encoding":"chunked"}
[debug] [2020-06-04T18:06:48.612Z] >>> HTTP REQUEST GET https://cloudfunctions.googleapis.com/v1/operations/Y292aWQtdHJhY2tlci03YzI1Mi91cy1jZW50cmFsMS9zZW5kUHVzaE5vdGlmaWNhdGlvbnMvakRaWFh4d1lubG8  
 
[debug] [2020-06-04T18:06:49.496Z] <<< HTTP RESPONSE 200 {"content-type":"application/json; charset=UTF-8","vary":"X-Origin, Referer, Origin,Accept-Encoding","date":"Thu, 04 Jun 2020 18:06:44 GMT","server":"ESF","cache-control":"private","x-xss-protection":"0","x-frame-options":"SAMEORIGIN","x-content-type-options":"nosniff","alt-svc":"h3-27=\":443\"; ma=2592000,h3-25=\":443\"; ma=2592000,h3-T050=\":443\"; ma=2592000,h3-Q050=\":443\"; ma=2592000,h3-Q049=\":443\"; ma=2592000,h3-Q048=\":443\"; ma=2592000,h3-Q046=\":443\"; ma=2592000,h3-Q043=\":443\"; ma=2592000,quic=\":443\"; ma=2592000; v=\"46,43\"","accept-ranges":"none","transfer-encoding":"chunked"}
[debug] [2020-06-04T18:06:51.505Z] >>> HTTP REQUEST GET https://cloudfunctions.googleapis.com/v1/operations/Y292aWQtdHJhY2tlci03YzI1Mi91cy1jZW50cmFsMS9zZW5kUHVzaE5vdGlmaWNhdGlvbnMvakRaWFh4d1lubG8  
 
[debug] [2020-06-04T18:06:52.078Z] <<< HTTP RESPONSE 200 {"content-type":"application/json; charset=UTF-8","vary":"X-Origin, Referer, Origin,Accept-Encoding","date":"Thu, 04 Jun 2020 18:06:47 GMT","server":"ESF","cache-control":"private","x-xss-protection":"0","x-frame-options":"SAMEORIGIN","x-content-type-options":"nosniff","alt-svc":"h3-27=\":443\"; ma=2592000,h3-25=\":443\"; ma=2592000,h3-T050=\":443\"; ma=2592000,h3-Q050=\":443\"; ma=2592000,h3-Q049=\":443\"; ma=2592000,h3-Q048=\":443\"; ma=2592000,h3-Q046=\":443\"; ma=2592000,h3-Q043=\":443\"; ma=2592000,quic=\":443\"; ma=2592000; v=\"46,43\"","accept-ranges":"none","transfer-encoding":"chunked"}
[debug] [2020-06-04T18:06:54.085Z] >>> HTTP REQUEST GET https://cloudfunctions.googleapis.com/v1/operations/Y292aWQtdHJhY2tlci03YzI1Mi91cy1jZW50cmFsMS9zZW5kUHVzaE5vdGlmaWNhdGlvbnMvakRaWFh4d1lubG8  
 
[debug] [2020-06-04T18:06:54.925Z] <<< HTTP RESPONSE 200 {"content-type":"application/json; charset=UTF-8","vary":"X-Origin, Referer, Origin,Accept-Encoding","date":"Thu, 04 Jun 2020 18:06:50 GMT","server":"ESF","cache-control":"private","x-xss-protection":"0","x-frame-options":"SAMEORIGIN","x-content-type-options":"nosniff","alt-svc":"h3-27=\":443\"; ma=2592000,h3-25=\":443\"; ma=2592000,h3-T050=\":443\"; ma=2592000,h3-Q050=\":443\"; ma=2592000,h3-Q049=\":443\"; ma=2592000,h3-Q048=\":443\"; ma=2592000,h3-Q046=\":443\"; ma=2592000,h3-Q043=\":443\"; ma=2592000,quic=\":443\"; ma=2592000; v=\"46,43\"","accept-ranges":"none","transfer-encoding":"chunked"}
[debug] [2020-06-04T18:06:56.928Z] >>> HTTP REQUEST GET https://cloudfunctions.googleapis.com/v1/operations/Y292aWQtdHJhY2tlci03YzI1Mi91cy1jZW50cmFsMS9zZW5kUHVzaE5vdGlmaWNhdGlvbnMvakRaWFh4d1lubG8  
 
[debug] [2020-06-04T18:06:57.820Z] <<< HTTP RESPONSE 200 {"content-type":"application/json; charset=UTF-8","vary":"X-Origin, Referer, Origin,Accept-Encoding","date":"Thu, 04 Jun 2020 18:06:53 GMT","server":"ESF","cache-control":"private","x-xss-protection":"0","x-frame-options":"SAMEORIGIN","x-content-type-options":"nosniff","alt-svc":"h3-27=\":443\"; ma=2592000,h3-25=\":443\"; ma=2592000,h3-T050=\":443\"; ma=2592000,h3-Q050=\":443\"; ma=2592000,h3-Q049=\":443\"; ma=2592000,h3-Q048=\":443\"; ma=2592000,h3-Q046=\":443\"; ma=2592000,h3-Q043=\":443\"; ma=2592000,quic=\":443\"; ma=2592000; v=\"46,43\"","accept-ranges":"none","transfer-encoding":"chunked"}
[debug] [2020-06-04T18:06:59.833Z] >>> HTTP REQUEST GET https://cloudfunctions.googleapis.com/v1/operations/Y292aWQtdHJhY2tlci03YzI1Mi91cy1jZW50cmFsMS9zZW5kUHVzaE5vdGlmaWNhdGlvbnMvakRaWFh4d1lubG8  
 
[debug] [2020-06-04T18:07:00.374Z] <<< HTTP RESPONSE 200 {"content-type":"application/json; charset=UTF-8","vary":"X-Origin, Referer, Origin,Accept-Encoding","date":"Thu, 04 Jun 2020 18:06:55 GMT","server":"ESF","cache-control":"private","x-xss-protection":"0","x-frame-options":"SAMEORIGIN","x-content-type-options":"nosniff","alt-svc":"h3-27=\":443\"; ma=2592000,h3-25=\":443\"; ma=2592000,h3-T050=\":443\"; ma=2592000,h3-Q050=\":443\"; ma=2592000,h3-Q049=\":443\"; ma=2592000,h3-Q048=\":443\"; ma=2592000,h3-Q046=\":443\"; ma=2592000,h3-Q043=\":443\"; ma=2592000,quic=\":443\"; ma=2592000; v=\"46,43\"","accept-ranges":"none","transfer-encoding":"chunked"}
[debug] [2020-06-04T18:07:02.384Z] >>> HTTP REQUEST GET https://cloudfunctions.googleapis.com/v1/operations/Y292aWQtdHJhY2tlci03YzI1Mi91cy1jZW50cmFsMS9zZW5kUHVzaE5vdGlmaWNhdGlvbnMvakRaWFh4d1lubG8  
 
[debug] [2020-06-04T18:07:02.991Z] <<< HTTP RESPONSE 200 {"content-type":"application/json; charset=UTF-8","vary":"X-Origin, Referer, Origin,Accept-Encoding","date":"Thu, 04 Jun 2020 18:06:58 GMT","server":"ESF","cache-control":"private","x-xss-protection":"0","x-frame-options":"SAMEORIGIN","x-content-type-options":"nosniff","alt-svc":"h3-27=\":443\"; ma=2592000,h3-25=\":443\"; ma=2592000,h3-T050=\":443\"; ma=2592000,h3-Q050=\":443\"; ma=2592000,h3-Q049=\":443\"; ma=2592000,h3-Q048=\":443\"; ma=2592000,h3-Q046=\":443\"; ma=2592000,h3-Q043=\":443\"; ma=2592000,quic=\":443\"; ma=2592000; v=\"46,43\"","accept-ranges":"none","transfer-encoding":"chunked"}
[debug] [2020-06-04T18:07:05.001Z] >>> HTTP REQUEST GET https://cloudfunctions.googleapis.com/v1/operations/Y292aWQtdHJhY2tlci03YzI1Mi91cy1jZW50cmFsMS9zZW5kUHVzaE5vdGlmaWNhdGlvbnMvakRaWFh4d1lubG8  
 
[debug] [2020-06-04T18:07:05.826Z] <<< HTTP RESPONSE 200 {"content-type":"application/json; charset=UTF-8","vary":"X-Origin, Referer, Origin,Accept-Encoding","date":"Thu, 04 Jun 2020 18:07:01 GMT","server":"ESF","cache-control":"private","x-xss-protection":"0","x-frame-options":"SAMEORIGIN","x-content-type-options":"nosniff","alt-svc":"h3-27=\":443\"; ma=2592000,h3-25=\":443\"; ma=2592000,h3-T050=\":443\"; ma=2592000,h3-Q050=\":443\"; ma=2592000,h3-Q049=\":443\"; ma=2592000,h3-Q048=\":443\"; ma=2592000,h3-Q046=\":443\"; ma=2592000,h3-Q043=\":443\"; ma=2592000,quic=\":443\"; ma=2592000; v=\"46,43\"","accept-ranges":"none","transfer-encoding":"chunked"}
[debug] [2020-06-04T18:07:07.833Z] >>> HTTP REQUEST GET https://cloudfunctions.googleapis.com/v1/operations/Y292aWQtdHJhY2tlci03YzI1Mi91cy1jZW50cmFsMS9zZW5kUHVzaE5vdGlmaWNhdGlvbnMvakRaWFh4d1lubG8  
 
[debug] [2020-06-04T18:07:08.695Z] <<< HTTP RESPONSE 200 {"content-type":"application/json; charset=UTF-8","vary":"X-Origin, Referer, Origin,Accept-Encoding","date":"Thu, 04 Jun 2020 18:07:04 GMT","server":"ESF","cache-control":"private","x-xss-protection":"0","x-frame-options":"SAMEORIGIN","x-content-type-options":"nosniff","alt-svc":"h3-27=\":443\"; ma=2592000,h3-25=\":443\"; ma=2592000,h3-T050=\":443\"; ma=2592000,h3-Q050=\":443\"; ma=2592000,h3-Q049=\":443\"; ma=2592000,h3-Q048=\":443\"; ma=2592000,h3-Q046=\":443\"; ma=2592000,h3-Q043=\":443\"; ma=2592000,quic=\":443\"; ma=2592000; v=\"46,43\"","accept-ranges":"none","transfer-encoding":"chunked"}
[info] +  functions[sendPushNotifications(us-central1)]: Successful update operation. 
[info] 
[info] +  Deploy complete!
[info] 
[info] Project Console: https://console.firebase.google.com/project/covid-tracker-7c252/overview
